<?xml version="1.0" encoding="UTF-8"?>
<testsuite xmlns:xsi="http://www.w3.org/2001/XMLSchema-instance" xsi:noNamespaceSchemaLocation="https://maven.apache.org/surefire/maven-surefire-plugin/xsd/surefire-test-report.xsd" name="com.icicilombard.marine.MarineApplicationTests" time="10.147" tests="1" errors="0" skipped="0" failures="0">
  <properties>
    <property name="sun.desktop" value="windows"/>
    <property name="awt.toolkit" value="sun.awt.windows.WToolkit"/>
    <property name="java.specification.version" value="11"/>
    <property name="sun.cpu.isalist" value="amd64"/>
    <property name="sun.jnu.encoding" value="Cp1252"/>
    <property name="java.class.path" value="D:\blaze\marine\target\test-classes;D:\blaze\marine\target\classes;C:\Users\SRIHARI\.m2\repository\license\license\3\license-3.jar;C:\Users\SRIHARI\.m2\repository\org\apache\maven\plugins\maven-compiler-plugin\3.10.1\maven-compiler-plugin-3.10.1.jar;C:\Users\SRIHARI\.m2\repository\org\apache\maven\shared\maven-shared-utils\3.3.4\maven-shared-utils-3.3.4.jar;C:\Users\SRIHARI\.m2\repository\commons-io\commons-io\2.6\commons-io-2.6.jar;C:\Users\SRIHARI\.m2\repository\org\apache\maven\shared\maven-shared-incremental\1.1\maven-shared-incremental-1.1.jar;C:\Users\SRIHARI\.m2\repository\org\codehaus\plexus\plexus-component-annotations\1.5.5\plexus-component-annotations-1.5.5.jar;C:\Users\SRIHARI\.m2\repository\org\codehaus\plexus\plexus-java\1.1.1\plexus-java-1.1.1.jar;C:\Users\SRIHARI\.m2\repository\org\ow2\asm\asm\9.2\asm-9.2.jar;C:\Users\SRIHARI\.m2\repository\com\thoughtworks\qdox\qdox\2.0.1\qdox-2.0.1.jar;C:\Users\SRIHARI\.m2\repository\org\codehaus\plexus\plexus-compiler-api\2.11.1\plexus-compiler-api-2.11.1.jar;C:\Users\SRIHARI\.m2\repository\org\codehaus\plexus\plexus-utils\3.4.1\plexus-utils-3.4.1.jar;C:\Users\SRIHARI\.m2\repository\org\codehaus\plexus\plexus-compiler-manager\2.11.1\plexus-compiler-manager-2.11.1.jar;C:\Users\SRIHARI\.m2\repository\org\codehaus\plexus\plexus-compiler-javac\2.11.1\plexus-compiler-javac-2.11.1.jar;C:\Users\SRIHARI\.m2\repository\il-common-support-92\il-common-support-92\3\il-common-support-92-3.jar;C:\Users\SRIHARI\.m2\repository\il-common-config\il-common-config\3\il-common-config-3.jar;C:\Users\SRIHARI\.m2\repository\org\projectlombok\lombok\1.18.24\lombok-1.18.24.jar;C:\Users\SRIHARI\.m2\repository\AdvisorSvr\AdvisorSvr\3\AdvisorSvr-3.jar;C:\Users\SRIHARI\.m2\repository\AdvRmaServer\AdvRmaServer\3\AdvRmaServer-3.jar;C:\Users\SRIHARI\.m2\repository\axis\axis\3\axis-3.jar;C:\Users\SRIHARI\.m2\repository\bouncycastle-extracted\bouncycastle-extracted\3\bouncycastle-extracted-3.jar;C:\Users\SRIHARI\.m2\repository\com\ibm\ws\prereq\soap\com.ibm.ws.prereq.soap\3\com.ibm.ws.prereq.soap-3.jar;C:\Users\SRIHARI\.m2\repository\commons-fileupload\commons-fileupload\3\commons-fileupload-3.jar;C:\Users\SRIHARI\.m2\repository\javax\activation-api\javax.activation-api\3\javax.activation-api-3.jar;C:\Users\SRIHARI\.m2\repository\javax\annotation-api\javax.annotation-api\3\javax.annotation-api-3.jar;C:\Users\SRIHARI\.m2\repository\javax\persistence-api\javax.persistence-api\3\javax.persistence-api-3.jar;C:\Users\SRIHARI\.m2\repository\javax\xml\soap-api\javax.xml.soap-api\3\javax.xml.soap-api-3.jar;C:\Users\SRIHARI\.m2\repository\jaxb-api\jaxb-api\3\jaxb-api-3.jar;C:\Users\SRIHARI\.m2\repository\jaxb-core\jaxb-core\3\jaxb-core-3.jar;C:\Users\SRIHARI\.m2\repository\jaxb-impl\jaxb-impl\3\jaxb-impl-3.jar;C:\Users\SRIHARI\.m2\repository\jaxb-impl\jaxb-xjc\3\jaxb-xjc-3.jar;C:\Users\SRIHARI\.m2\repository\jaxen-1\1\4\jaxen-1.1.4\3\jaxen-1.1.4-3.jar;C:\Users\SRIHARI\.m2\repository\jaxws-api\jaxws-api\3\jaxws-api-3.jar;C:\Users\SRIHARI\.m2\repository\jaxws-rt\jaxws-rt\3\jaxws-rt-3.jar;C:\Users\SRIHARI\.m2\repository\jaxb-impl\jaxb-jxc\3\jaxb-jxc-3.jar;C:\Users\SRIHARI\.m2\repository\jaxws-tools\jaxws-tools\3\jaxws-tools-3.jar;C:\Users\SRIHARI\.m2\repository\json\json\3\json-3.jar;C:\Users\SRIHARI\.m2\repository\jsr181-api\jsr181-api\3\jsr181-api-3.jar;C:\Users\SRIHARI\.m2\repository\management-api\management-api\3\management-api-3.jar;C:\Users\SRIHARI\.m2\repository\mimepull\mimepull\3\mimepull-3.jar;C:\Users\SRIHARI\.m2\repository\motorProviders\motorProviders\3\motorProviders-3.jar;C:\Users\SRIHARI\.m2\repository\poi-3\6-20091214\poi-3.6-20091214\3\poi-3.6-20091214-3.jar;C:\Users\SRIHARI\.m2\repository\poi-ooxml-3\6-20091214\poi-ooxml-3.6-20091214\3\poi-ooxml-3.6-20091214-3.jar;C:\Users\SRIHARI\.m2\repository\poi-ooxml-schemas-3\6-20091214\poi-ooxml-schemas-3.6-20091214\3\poi-ooxml-schemas-3.6-20091214-3.jar;C:\Users\SRIHARI\.m2\repository\policy\policy\3\policy-3.jar;C:\Users\SRIHARI\.m2\repository\resolver\resolver\3\resolver-3.jar;C:\Users\SRIHARI\.m2\repository\saaj-impl\saaj-impl\3\saaj-impl-3.jar;C:\Users\SRIHARI\.m2\repository\stax2-api\stax2-api\3\stax2-api-3.jar;C:\Users\SRIHARI\.m2\repository\stax-ex\stax-ex\3\stax-ex-3.jar;C:\Users\SRIHARI\.m2\repository\streambuffer\streambuffer\3\streambuffer-3.jar;C:\Users\SRIHARI\.m2\repository\woodstox-core-asl\woodstox-core-asl\3\woodstox-core-asl-3.jar;C:\Users\SRIHARI\.m2\repository\xmlbeans-2\3\0\xmlbeans-2.3.0\3\xmlbeans-2.3.0-3.jar;C:\Users\SRIHARI\.m2\repository\FastInfoset\FastInfoset\3\FastInfoset-3.jar;C:\Users\SRIHARI\.m2\repository\gmbal-api-only\gmbal-api-only\3\gmbal-api-only-3.jar;C:\Users\SRIHARI\.m2\repository\ha-api\ha-api\3\ha-api-3.jar;C:\Users\SRIHARI\.m2\repository\hibernate3\hibernate3\3\hibernate3-3.jar;C:\Users\SRIHARI\.m2\repository\AdvCommon\AdvCommon\3\AdvCommon-3.jar;C:\Users\SRIHARI\.m2\repository\Advisor\Advisor\3\Advisor-3.jar;C:\Users\SRIHARI\.m2\repository\InnovatorRT\InnovatorRT\3\InnovatorRT-3.jar;C:\Users\SRIHARI\.m2\repository\org\springframework\boot\spring-boot-starter-actuator\2.7.8\spring-boot-starter-actuator-2.7.8.jar;C:\Users\SRIHARI\.m2\repository\org\springframework\boot\spring-boot-starter\2.7.8\spring-boot-starter-2.7.8.jar;C:\Users\SRIHARI\.m2\repository\org\springframework\boot\spring-boot\2.7.8\spring-boot-2.7.8.jar;C:\Users\SRIHARI\.m2\repository\org\springframework\spring-context\5.3.25\spring-context-5.3.25.jar;C:\Users\SRIHARI\.m2\repository\org\springframework\boot\spring-boot-autoconfigure\2.7.8\spring-boot-autoconfigure-2.7.8.jar;C:\Users\SRIHARI\.m2\repository\org\springframework\boot\spring-boot-starter-logging\2.7.8\spring-boot-starter-logging-2.7.8.jar;C:\Users\SRIHARI\.m2\repository\ch\qos\logback\logback-classic\1.2.11\logback-classic-1.2.11.jar;C:\Users\SRIHARI\.m2\repository\ch\qos\logback\logback-core\1.2.11\logback-core-1.2.11.jar;C:\Users\SRIHARI\.m2\repository\org\apache\logging\log4j\log4j-to-slf4j\2.17.2\log4j-to-slf4j-2.17.2.jar;C:\Users\SRIHARI\.m2\repository\org\apache\logging\log4j\log4j-api\2.17.2\log4j-api-2.17.2.jar;C:\Users\SRIHARI\.m2\repository\org\slf4j\jul-to-slf4j\1.7.36\jul-to-slf4j-1.7.36.jar;C:\Users\SRIHARI\.m2\repository\jakarta\annotation\jakarta.annotation-api\1.3.5\jakarta.annotation-api-1.3.5.jar;C:\Users\SRIHARI\.m2\repository\org\yaml\snakeyaml\1.30\snakeyaml-1.30.jar;C:\Users\SRIHARI\.m2\repository\org\springframework\boot\spring-boot-actuator-autoconfigure\2.7.8\spring-boot-actuator-autoconfigure-2.7.8.jar;C:\Users\SRIHARI\.m2\repository\org\springframework\boot\spring-boot-actuator\2.7.8\spring-boot-actuator-2.7.8.jar;C:\Users\SRIHARI\.m2\repository\com\fasterxml\jackson\core\jackson-databind\2.13.4.2\jackson-databind-2.13.4.2.jar;C:\Users\SRIHARI\.m2\repository\com\fasterxml\jackson\core\jackson-annotations\2.13.4\jackson-annotations-2.13.4.jar;C:\Users\SRIHARI\.m2\repository\com\fasterxml\jackson\core\jackson-core\2.13.4\jackson-core-2.13.4.jar;C:\Users\SRIHARI\.m2\repository\com\fasterxml\jackson\datatype\jackson-datatype-jsr310\2.13.4\jackson-datatype-jsr310-2.13.4.jar;C:\Users\SRIHARI\.m2\repository\io\micrometer\micrometer-core\1.9.7\micrometer-core-1.9.7.jar;C:\Users\SRIHARI\.m2\repository\org\hdrhistogram\HdrHistogram\2.1.12\HdrHistogram-2.1.12.jar;C:\Users\SRIHARI\.m2\repository\org\latencyutils\LatencyUtils\2.0.3\LatencyUtils-2.0.3.jar;C:\Users\SRIHARI\.m2\repository\org\springframework\boot\spring-boot-starter-web-services\2.7.8\spring-boot-starter-web-services-2.7.8.jar;C:\Users\SRIHARI\.m2\repository\org\springframework\boot\spring-boot-starter-web\2.7.8\spring-boot-starter-web-2.7.8.jar;C:\Users\SRIHARI\.m2\repository\org\springframework\boot\spring-boot-starter-json\2.7.8\spring-boot-starter-json-2.7.8.jar;C:\Users\SRIHARI\.m2\repository\com\fasterxml\jackson\datatype\jackson-datatype-jdk8\2.13.4\jackson-datatype-jdk8-2.13.4.jar;C:\Users\SRIHARI\.m2\repository\com\fasterxml\jackson\module\jackson-module-parameter-names\2.13.4\jackson-module-parameter-names-2.13.4.jar;C:\Users\SRIHARI\.m2\repository\org\springframework\boot\spring-boot-starter-tomcat\2.7.8\spring-boot-starter-tomcat-2.7.8.jar;C:\Users\SRIHARI\.m2\repository\org\apache\tomcat\embed\tomcat-embed-core\9.0.71\tomcat-embed-core-9.0.71.jar;C:\Users\SRIHARI\.m2\repository\org\apache\tomcat\embed\tomcat-embed-el\9.0.71\tomcat-embed-el-9.0.71.jar;C:\Users\SRIHARI\.m2\repository\org\apache\tomcat\embed\tomcat-embed-websocket\9.0.71\tomcat-embed-websocket-9.0.71.jar;C:\Users\SRIHARI\.m2\repository\org\springframework\spring-web\5.3.25\spring-web-5.3.25.jar;C:\Users\SRIHARI\.m2\repository\org\springframework\spring-webmvc\5.3.25\spring-webmvc-5.3.25.jar;C:\Users\SRIHARI\.m2\repository\org\springframework\spring-expression\5.3.25\spring-expression-5.3.25.jar;C:\Users\SRIHARI\.m2\repository\jakarta\xml\ws\jakarta.xml.ws-api\2.3.3\jakarta.xml.ws-api-2.3.3.jar;C:\Users\SRIHARI\.m2\repository\jakarta\xml\soap\jakarta.xml.soap-api\1.4.2\jakarta.xml.soap-api-1.4.2.jar;C:\Users\SRIHARI\.m2\repository\jakarta\jws\jakarta.jws-api\2.1.0\jakarta.jws-api-2.1.0.jar;C:\Users\SRIHARI\.m2\repository\org\springframework\spring-oxm\5.3.25\spring-oxm-5.3.25.jar;C:\Users\SRIHARI\.m2\repository\org\springframework\spring-beans\5.3.25\spring-beans-5.3.25.jar;C:\Users\SRIHARI\.m2\repository\org\springframework\ws\spring-ws-core\3.1.5\spring-ws-core-3.1.5.jar;C:\Users\SRIHARI\.m2\repository\org\springframework\ws\spring-xml\3.1.5\spring-xml-3.1.5.jar;C:\Users\SRIHARI\.m2\repository\org\springframework\spring-aop\5.3.25\spring-aop-5.3.25.jar;C:\Users\SRIHARI\.m2\repository\wsdl4j\wsdl4j\1.6.2\wsdl4j-1.6.2.jar;C:\Users\SRIHARI\.m2\repository\com\sun\xml\messaging\saaj\saaj-impl\1.5.0\saaj-impl-1.5.0.jar;C:\Users\SRIHARI\.m2\repository\javax\xml\soap\javax.xml.soap-api\1.4.0\javax.xml.soap-api-1.4.0.jar;C:\Users\SRIHARI\.m2\repository\org\jvnet\mimepull\mimepull\1.9.8\mimepull-1.9.8.jar;C:\Users\SRIHARI\.m2\repository\org\jvnet\staxex\stax-ex\1.8\stax-ex-1.8.jar;C:\Users\SRIHARI\.m2\repository\javax\xml\ws\jaxws-api\2.2.6\jaxws-api-2.2.6.jar;C:\Users\SRIHARI\.m2\repository\javax\xml\soap\saaj-api\1.3.4\saaj-api-1.3.4.jar;C:\Users\SRIHARI\.m2\repository\org\glassfish\javax.annotation\3.1.1\javax.annotation-3.1.1.jar;C:\Users\SRIHARI\.m2\repository\javax\jws\jsr181-api\1.0-MR1\jsr181-api-1.0-MR1.jar;C:\Users\SRIHARI\.m2\repository\jakarta\activation\jakarta.activation-api\2.0.1\jakarta.activation-api-2.0.1.jar;C:\Users\SRIHARI\.m2\repository\org\springframework\boot\spring-boot-starter-test\2.7.8\spring-boot-starter-test-2.7.8.jar;C:\Users\SRIHARI\.m2\repository\org\springframework\boot\spring-boot-test\2.7.8\spring-boot-test-2.7.8.jar;C:\Users\SRIHARI\.m2\repository\org\springframework\boot\spring-boot-test-autoconfigure\2.7.8\spring-boot-test-autoconfigure-2.7.8.jar;C:\Users\SRIHARI\.m2\repository\com\jayway\jsonpath\json-path\2.7.0\json-path-2.7.0.jar;C:\Users\SRIHARI\.m2\repository\net\minidev\json-smart\2.4.8\json-smart-2.4.8.jar;C:\Users\SRIHARI\.m2\repository\net\minidev\accessors-smart\2.4.8\accessors-smart-2.4.8.jar;C:\Users\SRIHARI\.m2\repository\org\slf4j\slf4j-api\1.7.36\slf4j-api-1.7.36.jar;C:\Users\SRIHARI\.m2\repository\jakarta\xml\bind\jakarta.xml.bind-api\2.3.3\jakarta.xml.bind-api-2.3.3.jar;C:\Users\SRIHARI\.m2\repository\org\assertj\assertj-core\3.22.0\assertj-core-3.22.0.jar;C:\Users\SRIHARI\.m2\repository\org\hamcrest\hamcrest\2.2\hamcrest-2.2.jar;C:\Users\SRIHARI\.m2\repository\org\junit\jupiter\junit-jupiter\5.8.2\junit-jupiter-5.8.2.jar;C:\Users\SRIHARI\.m2\repository\org\junit\jupiter\junit-jupiter-api\5.8.2\junit-jupiter-api-5.8.2.jar;C:\Users\SRIHARI\.m2\repository\org\opentest4j\opentest4j\1.2.0\opentest4j-1.2.0.jar;C:\Users\SRIHARI\.m2\repository\org\junit\platform\junit-platform-commons\1.8.2\junit-platform-commons-1.8.2.jar;C:\Users\SRIHARI\.m2\repository\org\apiguardian\apiguardian-api\1.1.2\apiguardian-api-1.1.2.jar;C:\Users\SRIHARI\.m2\repository\org\junit\jupiter\junit-jupiter-params\5.8.2\junit-jupiter-params-5.8.2.jar;C:\Users\SRIHARI\.m2\repository\org\junit\jupiter\junit-jupiter-engine\5.8.2\junit-jupiter-engine-5.8.2.jar;C:\Users\SRIHARI\.m2\repository\org\junit\platform\junit-platform-engine\1.8.2\junit-platform-engine-1.8.2.jar;C:\Users\SRIHARI\.m2\repository\org\mockito\mockito-core\4.5.1\mockito-core-4.5.1.jar;C:\Users\SRIHARI\.m2\repository\net\bytebuddy\byte-buddy\1.12.22\byte-buddy-1.12.22.jar;C:\Users\SRIHARI\.m2\repository\net\bytebuddy\byte-buddy-agent\1.12.22\byte-buddy-agent-1.12.22.jar;C:\Users\SRIHARI\.m2\repository\org\objenesis\objenesis\3.2\objenesis-3.2.jar;C:\Users\SRIHARI\.m2\repository\org\mockito\mockito-junit-jupiter\4.5.1\mockito-junit-jupiter-4.5.1.jar;C:\Users\SRIHARI\.m2\repository\org\skyscreamer\jsonassert\1.5.1\jsonassert-1.5.1.jar;C:\Users\SRIHARI\.m2\repository\com\vaadin\external\google\android-json\0.0.20131108.vaadin1\android-json-0.0.20131108.vaadin1.jar;C:\Users\SRIHARI\.m2\repository\org\springframework\spring-core\5.3.25\spring-core-5.3.25.jar;C:\Users\SRIHARI\.m2\repository\org\springframework\spring-jcl\5.3.25\spring-jcl-5.3.25.jar;C:\Users\SRIHARI\.m2\repository\org\springframework\spring-test\5.3.25\spring-test-5.3.25.jar;C:\Users\SRIHARI\.m2\repository\org\xmlunit\xmlunit-core\2.9.1\xmlunit-core-2.9.1.jar;C:\Users\SRIHARI\.m2\repository\ojdbc8\ojdbc8\3\ojdbc8-3.jar;C:\Users\SRIHARI\.m2\repository\javax\servlet\javax.servlet-api\3.0.1\javax.servlet-api-3.0.1.jar;C:\Users\SRIHARI\.m2\repository\javax\jws\javax.jws-api\1.1\javax.jws-api-1.1.jar;C:\Users\SRIHARI\.m2\repository\javax\xml\bind\jaxb-api\2.3.0-b170201.1204\jaxb-api-2.3.0-b170201.1204.jar;C:\Users\SRIHARI\.m2\repository\com\sun\xml\bind\jaxb-core\2.3.0\jaxb-core-2.3.0.jar;C:\Users\SRIHARI\.m2\repository\com\sun\xml\bind\jaxb-impl\2.3.0\jaxb-impl-2.3.0.jar;C:\Users\SRIHARI\.m2\repository\javax\activation\activation\1.1.1\activation-1.1.1.jar;C:\Users\SRIHARI\.m2\repository\org\glassfish\jaxb\jaxb-runtime\2.3.0-b170127.1453\jaxb-runtime-2.3.0-b170127.1453.jar;C:\Users\SRIHARI\.m2\repository\org\glassfish\jaxb\jaxb-core\2.3.0-b170127.1453\jaxb-core-2.3.0-b170127.1453.jar;C:\Users\SRIHARI\.m2\repository\org\glassfish\jaxb\txw2\2.3.7\txw2-2.3.7.jar;C:\Users\SRIHARI\.m2\repository\com\sun\istack\istack-commons-runtime\3.0.4\istack-commons-runtime-3.0.4.jar;C:\Users\SRIHARI\.m2\repository\com\sun\xml\fastinfoset\FastInfoset\1.2.13\FastInfoset-1.2.13.jar;C:\Users\SRIHARI\.m2\repository\com\blazebit\blaze-job-documentation\1.0.0-Alpha1\blaze-job-documentation-1.0.0-Alpha1.jar;C:\Users\SRIHARI\.m2\repository\log4j\log4j\1.2.17\log4j-1.2.17.jar;"/>
    <property name="java.vm.vendor" value="Oracle Corporation"/>
    <property name="sun.arch.data.model" value="64"/>
    <property name="user.variant" value=""/>
    <property name="java.vendor.url" value="https://openjdk.java.net/"/>
    <property name="user.timezone" value="Asia/Calcutta"/>
    <property name="java.vm.specification.version" value="11"/>
    <property name="os.name" value="Windows 10"/>
    <property name="sun.java.launcher" value="SUN_STANDARD"/>
    <property name="user.country" value="IN"/>
    <property name="sun.boot.library.path" value="C:\Program Files\Java\jdk-11.0.17\bin"/>
    <property name="sun.java.command" value="C:\Users\SRIHARI\AppData\Local\Temp\surefire3158140992472497487\surefirebooter17447996200999024502.jar C:\Users\SRIHARI\AppData\Local\Temp\surefire3158140992472497487 2023-03-01T08-39-55_578-jvmRun1 surefire11874379763271884775tmp surefire_018311924575832069276tmp"/>
    <property name="jdk.debug" value="release"/>
    <property name="surefire.test.class.path" value="D:\blaze\marine\target\test-classes;D:\blaze\marine\target\classes;C:\Users\SRIHARI\.m2\repository\license\license\3\license-3.jar;C:\Users\SRIHARI\.m2\repository\org\apache\maven\plugins\maven-compiler-plugin\3.10.1\maven-compiler-plugin-3.10.1.jar;C:\Users\SRIHARI\.m2\repository\org\apache\maven\shared\maven-shared-utils\3.3.4\maven-shared-utils-3.3.4.jar;C:\Users\SRIHARI\.m2\repository\commons-io\commons-io\2.6\commons-io-2.6.jar;C:\Users\SRIHARI\.m2\repository\org\apache\maven\shared\maven-shared-incremental\1.1\maven-shared-incremental-1.1.jar;C:\Users\SRIHARI\.m2\repository\org\codehaus\plexus\plexus-component-annotations\1.5.5\plexus-component-annotations-1.5.5.jar;C:\Users\SRIHARI\.m2\repository\org\codehaus\plexus\plexus-java\1.1.1\plexus-java-1.1.1.jar;C:\Users\SRIHARI\.m2\repository\org\ow2\asm\asm\9.2\asm-9.2.jar;C:\Users\SRIHARI\.m2\repository\com\thoughtworks\qdox\qdox\2.0.1\qdox-2.0.1.jar;C:\Users\SRIHARI\.m2\repository\org\codehaus\plexus\plexus-compiler-api\2.11.1\plexus-compiler-api-2.11.1.jar;C:\Users\SRIHARI\.m2\repository\org\codehaus\plexus\plexus-utils\3.4.1\plexus-utils-3.4.1.jar;C:\Users\SRIHARI\.m2\repository\org\codehaus\plexus\plexus-compiler-manager\2.11.1\plexus-compiler-manager-2.11.1.jar;C:\Users\SRIHARI\.m2\repository\org\codehaus\plexus\plexus-compiler-javac\2.11.1\plexus-compiler-javac-2.11.1.jar;C:\Users\SRIHARI\.m2\repository\il-common-support-92\il-common-support-92\3\il-common-support-92-3.jar;C:\Users\SRIHARI\.m2\repository\il-common-config\il-common-config\3\il-common-config-3.jar;C:\Users\SRIHARI\.m2\repository\org\projectlombok\lombok\1.18.24\lombok-1.18.24.jar;C:\Users\SRIHARI\.m2\repository\AdvisorSvr\AdvisorSvr\3\AdvisorSvr-3.jar;C:\Users\SRIHARI\.m2\repository\AdvRmaServer\AdvRmaServer\3\AdvRmaServer-3.jar;C:\Users\SRIHARI\.m2\repository\axis\axis\3\axis-3.jar;C:\Users\SRIHARI\.m2\repository\bouncycastle-extracted\bouncycastle-extracted\3\bouncycastle-extracted-3.jar;C:\Users\SRIHARI\.m2\repository\com\ibm\ws\prereq\soap\com.ibm.ws.prereq.soap\3\com.ibm.ws.prereq.soap-3.jar;C:\Users\SRIHARI\.m2\repository\commons-fileupload\commons-fileupload\3\commons-fileupload-3.jar;C:\Users\SRIHARI\.m2\repository\javax\activation-api\javax.activation-api\3\javax.activation-api-3.jar;C:\Users\SRIHARI\.m2\repository\javax\annotation-api\javax.annotation-api\3\javax.annotation-api-3.jar;C:\Users\SRIHARI\.m2\repository\javax\persistence-api\javax.persistence-api\3\javax.persistence-api-3.jar;C:\Users\SRIHARI\.m2\repository\javax\xml\soap-api\javax.xml.soap-api\3\javax.xml.soap-api-3.jar;C:\Users\SRIHARI\.m2\repository\jaxb-api\jaxb-api\3\jaxb-api-3.jar;C:\Users\SRIHARI\.m2\repository\jaxb-core\jaxb-core\3\jaxb-core-3.jar;C:\Users\SRIHARI\.m2\repository\jaxb-impl\jaxb-impl\3\jaxb-impl-3.jar;C:\Users\SRIHARI\.m2\repository\jaxb-impl\jaxb-xjc\3\jaxb-xjc-3.jar;C:\Users\SRIHARI\.m2\repository\jaxen-1\1\4\jaxen-1.1.4\3\jaxen-1.1.4-3.jar;C:\Users\SRIHARI\.m2\repository\jaxws-api\jaxws-api\3\jaxws-api-3.jar;C:\Users\SRIHARI\.m2\repository\jaxws-rt\jaxws-rt\3\jaxws-rt-3.jar;C:\Users\SRIHARI\.m2\repository\jaxb-impl\jaxb-jxc\3\jaxb-jxc-3.jar;C:\Users\SRIHARI\.m2\repository\jaxws-tools\jaxws-tools\3\jaxws-tools-3.jar;C:\Users\SRIHARI\.m2\repository\json\json\3\json-3.jar;C:\Users\SRIHARI\.m2\repository\jsr181-api\jsr181-api\3\jsr181-api-3.jar;C:\Users\SRIHARI\.m2\repository\management-api\management-api\3\management-api-3.jar;C:\Users\SRIHARI\.m2\repository\mimepull\mimepull\3\mimepull-3.jar;C:\Users\SRIHARI\.m2\repository\motorProviders\motorProviders\3\motorProviders-3.jar;C:\Users\SRIHARI\.m2\repository\poi-3\6-20091214\poi-3.6-20091214\3\poi-3.6-20091214-3.jar;C:\Users\SRIHARI\.m2\repository\poi-ooxml-3\6-20091214\poi-ooxml-3.6-20091214\3\poi-ooxml-3.6-20091214-3.jar;C:\Users\SRIHARI\.m2\repository\poi-ooxml-schemas-3\6-20091214\poi-ooxml-schemas-3.6-20091214\3\poi-ooxml-schemas-3.6-20091214-3.jar;C:\Users\SRIHARI\.m2\repository\policy\policy\3\policy-3.jar;C:\Users\SRIHARI\.m2\repository\resolver\resolver\3\resolver-3.jar;C:\Users\SRIHARI\.m2\repository\saaj-impl\saaj-impl\3\saaj-impl-3.jar;C:\Users\SRIHARI\.m2\repository\stax2-api\stax2-api\3\stax2-api-3.jar;C:\Users\SRIHARI\.m2\repository\stax-ex\stax-ex\3\stax-ex-3.jar;C:\Users\SRIHARI\.m2\repository\streambuffer\streambuffer\3\streambuffer-3.jar;C:\Users\SRIHARI\.m2\repository\woodstox-core-asl\woodstox-core-asl\3\woodstox-core-asl-3.jar;C:\Users\SRIHARI\.m2\repository\xmlbeans-2\3\0\xmlbeans-2.3.0\3\xmlbeans-2.3.0-3.jar;C:\Users\SRIHARI\.m2\repository\FastInfoset\FastInfoset\3\FastInfoset-3.jar;C:\Users\SRIHARI\.m2\repository\gmbal-api-only\gmbal-api-only\3\gmbal-api-only-3.jar;C:\Users\SRIHARI\.m2\repository\ha-api\ha-api\3\ha-api-3.jar;C:\Users\SRIHARI\.m2\repository\hibernate3\hibernate3\3\hibernate3-3.jar;C:\Users\SRIHARI\.m2\repository\AdvCommon\AdvCommon\3\AdvCommon-3.jar;C:\Users\SRIHARI\.m2\repository\Advisor\Advisor\3\Advisor-3.jar;C:\Users\SRIHARI\.m2\repository\InnovatorRT\InnovatorRT\3\InnovatorRT-3.jar;C:\Users\SRIHARI\.m2\repository\org\springframework\boot\spring-boot-starter-actuator\2.7.8\spring-boot-starter-actuator-2.7.8.jar;C:\Users\SRIHARI\.m2\repository\org\springframework\boot\spring-boot-starter\2.7.8\spring-boot-starter-2.7.8.jar;C:\Users\SRIHARI\.m2\repository\org\springframework\boot\spring-boot\2.7.8\spring-boot-2.7.8.jar;C:\Users\SRIHARI\.m2\repository\org\springframework\spring-context\5.3.25\spring-context-5.3.25.jar;C:\Users\SRIHARI\.m2\repository\org\springframework\boot\spring-boot-autoconfigure\2.7.8\spring-boot-autoconfigure-2.7.8.jar;C:\Users\SRIHARI\.m2\repository\org\springframework\boot\spring-boot-starter-logging\2.7.8\spring-boot-starter-logging-2.7.8.jar;C:\Users\SRIHARI\.m2\repository\ch\qos\logback\logback-classic\1.2.11\logback-classic-1.2.11.jar;C:\Users\SRIHARI\.m2\repository\ch\qos\logback\logback-core\1.2.11\logback-core-1.2.11.jar;C:\Users\SRIHARI\.m2\repository\org\apache\logging\log4j\log4j-to-slf4j\2.17.2\log4j-to-slf4j-2.17.2.jar;C:\Users\SRIHARI\.m2\repository\org\apache\logging\log4j\log4j-api\2.17.2\log4j-api-2.17.2.jar;C:\Users\SRIHARI\.m2\repository\org\slf4j\jul-to-slf4j\1.7.36\jul-to-slf4j-1.7.36.jar;C:\Users\SRIHARI\.m2\repository\jakarta\annotation\jakarta.annotation-api\1.3.5\jakarta.annotation-api-1.3.5.jar;C:\Users\SRIHARI\.m2\repository\org\yaml\snakeyaml\1.30\snakeyaml-1.30.jar;C:\Users\SRIHARI\.m2\repository\org\springframework\boot\spring-boot-actuator-autoconfigure\2.7.8\spring-boot-actuator-autoconfigure-2.7.8.jar;C:\Users\SRIHARI\.m2\repository\org\springframework\boot\spring-boot-actuator\2.7.8\spring-boot-actuator-2.7.8.jar;C:\Users\SRIHARI\.m2\repository\com\fasterxml\jackson\core\jackson-databind\2.13.4.2\jackson-databind-2.13.4.2.jar;C:\Users\SRIHARI\.m2\repository\com\fasterxml\jackson\core\jackson-annotations\2.13.4\jackson-annotations-2.13.4.jar;C:\Users\SRIHARI\.m2\repository\com\fasterxml\jackson\core\jackson-core\2.13.4\jackson-core-2.13.4.jar;C:\Users\SRIHARI\.m2\repository\com\fasterxml\jackson\datatype\jackson-datatype-jsr310\2.13.4\jackson-datatype-jsr310-2.13.4.jar;C:\Users\SRIHARI\.m2\repository\io\micrometer\micrometer-core\1.9.7\micrometer-core-1.9.7.jar;C:\Users\SRIHARI\.m2\repository\org\hdrhistogram\HdrHistogram\2.1.12\HdrHistogram-2.1.12.jar;C:\Users\SRIHARI\.m2\repository\org\latencyutils\LatencyUtils\2.0.3\LatencyUtils-2.0.3.jar;C:\Users\SRIHARI\.m2\repository\org\springframework\boot\spring-boot-starter-web-services\2.7.8\spring-boot-starter-web-services-2.7.8.jar;C:\Users\SRIHARI\.m2\repository\org\springframework\boot\spring-boot-starter-web\2.7.8\spring-boot-starter-web-2.7.8.jar;C:\Users\SRIHARI\.m2\repository\org\springframework\boot\spring-boot-starter-json\2.7.8\spring-boot-starter-json-2.7.8.jar;C:\Users\SRIHARI\.m2\repository\com\fasterxml\jackson\datatype\jackson-datatype-jdk8\2.13.4\jackson-datatype-jdk8-2.13.4.jar;C:\Users\SRIHARI\.m2\repository\com\fasterxml\jackson\module\jackson-module-parameter-names\2.13.4\jackson-module-parameter-names-2.13.4.jar;C:\Users\SRIHARI\.m2\repository\org\springframework\boot\spring-boot-starter-tomcat\2.7.8\spring-boot-starter-tomcat-2.7.8.jar;C:\Users\SRIHARI\.m2\repository\org\apache\tomcat\embed\tomcat-embed-core\9.0.71\tomcat-embed-core-9.0.71.jar;C:\Users\SRIHARI\.m2\repository\org\apache\tomcat\embed\tomcat-embed-el\9.0.71\tomcat-embed-el-9.0.71.jar;C:\Users\SRIHARI\.m2\repository\org\apache\tomcat\embed\tomcat-embed-websocket\9.0.71\tomcat-embed-websocket-9.0.71.jar;C:\Users\SRIHARI\.m2\repository\org\springframework\spring-web\5.3.25\spring-web-5.3.25.jar;C:\Users\SRIHARI\.m2\repository\org\springframework\spring-webmvc\5.3.25\spring-webmvc-5.3.25.jar;C:\Users\SRIHARI\.m2\repository\org\springframework\spring-expression\5.3.25\spring-expression-5.3.25.jar;C:\Users\SRIHARI\.m2\repository\jakarta\xml\ws\jakarta.xml.ws-api\2.3.3\jakarta.xml.ws-api-2.3.3.jar;C:\Users\SRIHARI\.m2\repository\jakarta\xml\soap\jakarta.xml.soap-api\1.4.2\jakarta.xml.soap-api-1.4.2.jar;C:\Users\SRIHARI\.m2\repository\jakarta\jws\jakarta.jws-api\2.1.0\jakarta.jws-api-2.1.0.jar;C:\Users\SRIHARI\.m2\repository\org\springframework\spring-oxm\5.3.25\spring-oxm-5.3.25.jar;C:\Users\SRIHARI\.m2\repository\org\springframework\spring-beans\5.3.25\spring-beans-5.3.25.jar;C:\Users\SRIHARI\.m2\repository\org\springframework\ws\spring-ws-core\3.1.5\spring-ws-core-3.1.5.jar;C:\Users\SRIHARI\.m2\repository\org\springframework\ws\spring-xml\3.1.5\spring-xml-3.1.5.jar;C:\Users\SRIHARI\.m2\repository\org\springframework\spring-aop\5.3.25\spring-aop-5.3.25.jar;C:\Users\SRIHARI\.m2\repository\wsdl4j\wsdl4j\1.6.2\wsdl4j-1.6.2.jar;C:\Users\SRIHARI\.m2\repository\com\sun\xml\messaging\saaj\saaj-impl\1.5.0\saaj-impl-1.5.0.jar;C:\Users\SRIHARI\.m2\repository\javax\xml\soap\javax.xml.soap-api\1.4.0\javax.xml.soap-api-1.4.0.jar;C:\Users\SRIHARI\.m2\repository\org\jvnet\mimepull\mimepull\1.9.8\mimepull-1.9.8.jar;C:\Users\SRIHARI\.m2\repository\org\jvnet\staxex\stax-ex\1.8\stax-ex-1.8.jar;C:\Users\SRIHARI\.m2\repository\javax\xml\ws\jaxws-api\2.2.6\jaxws-api-2.2.6.jar;C:\Users\SRIHARI\.m2\repository\javax\xml\soap\saaj-api\1.3.4\saaj-api-1.3.4.jar;C:\Users\SRIHARI\.m2\repository\org\glassfish\javax.annotation\3.1.1\javax.annotation-3.1.1.jar;C:\Users\SRIHARI\.m2\repository\javax\jws\jsr181-api\1.0-MR1\jsr181-api-1.0-MR1.jar;C:\Users\SRIHARI\.m2\repository\jakarta\activation\jakarta.activation-api\2.0.1\jakarta.activation-api-2.0.1.jar;C:\Users\SRIHARI\.m2\repository\org\springframework\boot\spring-boot-starter-test\2.7.8\spring-boot-starter-test-2.7.8.jar;C:\Users\SRIHARI\.m2\repository\org\springframework\boot\spring-boot-test\2.7.8\spring-boot-test-2.7.8.jar;C:\Users\SRIHARI\.m2\repository\org\springframework\boot\spring-boot-test-autoconfigure\2.7.8\spring-boot-test-autoconfigure-2.7.8.jar;C:\Users\SRIHARI\.m2\repository\com\jayway\jsonpath\json-path\2.7.0\json-path-2.7.0.jar;C:\Users\SRIHARI\.m2\repository\net\minidev\json-smart\2.4.8\json-smart-2.4.8.jar;C:\Users\SRIHARI\.m2\repository\net\minidev\accessors-smart\2.4.8\accessors-smart-2.4.8.jar;C:\Users\SRIHARI\.m2\repository\org\slf4j\slf4j-api\1.7.36\slf4j-api-1.7.36.jar;C:\Users\SRIHARI\.m2\repository\jakarta\xml\bind\jakarta.xml.bind-api\2.3.3\jakarta.xml.bind-api-2.3.3.jar;C:\Users\SRIHARI\.m2\repository\org\assertj\assertj-core\3.22.0\assertj-core-3.22.0.jar;C:\Users\SRIHARI\.m2\repository\org\hamcrest\hamcrest\2.2\hamcrest-2.2.jar;C:\Users\SRIHARI\.m2\repository\org\junit\jupiter\junit-jupiter\5.8.2\junit-jupiter-5.8.2.jar;C:\Users\SRIHARI\.m2\repository\org\junit\jupiter\junit-jupiter-api\5.8.2\junit-jupiter-api-5.8.2.jar;C:\Users\SRIHARI\.m2\repository\org\opentest4j\opentest4j\1.2.0\opentest4j-1.2.0.jar;C:\Users\SRIHARI\.m2\repository\org\junit\platform\junit-platform-commons\1.8.2\junit-platform-commons-1.8.2.jar;C:\Users\SRIHARI\.m2\repository\org\apiguardian\apiguardian-api\1.1.2\apiguardian-api-1.1.2.jar;C:\Users\SRIHARI\.m2\repository\org\junit\jupiter\junit-jupiter-params\5.8.2\junit-jupiter-params-5.8.2.jar;C:\Users\SRIHARI\.m2\repository\org\junit\jupiter\junit-jupiter-engine\5.8.2\junit-jupiter-engine-5.8.2.jar;C:\Users\SRIHARI\.m2\repository\org\junit\platform\junit-platform-engine\1.8.2\junit-platform-engine-1.8.2.jar;C:\Users\SRIHARI\.m2\repository\org\mockito\mockito-core\4.5.1\mockito-core-4.5.1.jar;C:\Users\SRIHARI\.m2\repository\net\bytebuddy\byte-buddy\1.12.22\byte-buddy-1.12.22.jar;C:\Users\SRIHARI\.m2\repository\net\bytebuddy\byte-buddy-agent\1.12.22\byte-buddy-agent-1.12.22.jar;C:\Users\SRIHARI\.m2\repository\org\objenesis\objenesis\3.2\objenesis-3.2.jar;C:\Users\SRIHARI\.m2\repository\org\mockito\mockito-junit-jupiter\4.5.1\mockito-junit-jupiter-4.5.1.jar;C:\Users\SRIHARI\.m2\repository\org\skyscreamer\jsonassert\1.5.1\jsonassert-1.5.1.jar;C:\Users\SRIHARI\.m2\repository\com\vaadin\external\google\android-json\0.0.20131108.vaadin1\android-json-0.0.20131108.vaadin1.jar;C:\Users\SRIHARI\.m2\repository\org\springframework\spring-core\5.3.25\spring-core-5.3.25.jar;C:\Users\SRIHARI\.m2\repository\org\springframework\spring-jcl\5.3.25\spring-jcl-5.3.25.jar;C:\Users\SRIHARI\.m2\repository\org\springframework\spring-test\5.3.25\spring-test-5.3.25.jar;C:\Users\SRIHARI\.m2\repository\org\xmlunit\xmlunit-core\2.9.1\xmlunit-core-2.9.1.jar;C:\Users\SRIHARI\.m2\repository\ojdbc8\ojdbc8\3\ojdbc8-3.jar;C:\Users\SRIHARI\.m2\repository\javax\servlet\javax.servlet-api\3.0.1\javax.servlet-api-3.0.1.jar;C:\Users\SRIHARI\.m2\repository\javax\jws\javax.jws-api\1.1\javax.jws-api-1.1.jar;C:\Users\SRIHARI\.m2\repository\javax\xml\bind\jaxb-api\2.3.0-b170201.1204\jaxb-api-2.3.0-b170201.1204.jar;C:\Users\SRIHARI\.m2\repository\com\sun\xml\bind\jaxb-core\2.3.0\jaxb-core-2.3.0.jar;C:\Users\SRIHARI\.m2\repository\com\sun\xml\bind\jaxb-impl\2.3.0\jaxb-impl-2.3.0.jar;C:\Users\SRIHARI\.m2\repository\javax\activation\activation\1.1.1\activation-1.1.1.jar;C:\Users\SRIHARI\.m2\repository\org\glassfish\jaxb\jaxb-runtime\2.3.0-b170127.1453\jaxb-runtime-2.3.0-b170127.1453.jar;C:\Users\SRIHARI\.m2\repository\org\glassfish\jaxb\jaxb-core\2.3.0-b170127.1453\jaxb-core-2.3.0-b170127.1453.jar;C:\Users\SRIHARI\.m2\repository\org\glassfish\jaxb\txw2\2.3.7\txw2-2.3.7.jar;C:\Users\SRIHARI\.m2\repository\com\sun\istack\istack-commons-runtime\3.0.4\istack-commons-runtime-3.0.4.jar;C:\Users\SRIHARI\.m2\repository\com\sun\xml\fastinfoset\FastInfoset\1.2.13\FastInfoset-1.2.13.jar;C:\Users\SRIHARI\.m2\repository\com\blazebit\blaze-job-documentation\1.0.0-Alpha1\blaze-job-documentation-1.0.0-Alpha1.jar;C:\Users\SRIHARI\.m2\repository\log4j\log4j\1.2.17\log4j-1.2.17.jar;"/>
    <property name="sun.cpu.endian" value="little"/>
    <property name="user.home" value="C:\Users\SRIHARI"/>
    <property name="user.language" value="en"/>
    <property name="java.specification.vendor" value="Oracle Corporation"/>
    <property name="java.version.date" value="2022-10-18"/>
    <property name="java.home" value="C:\Program Files\Java\jdk-11.0.17"/>
    <property name="file.separator" value="\"/>
    <property name="basedir" value="D:\blaze\marine"/>
    <property name="java.vm.compressedOopsMode" value="32-bit"/>
    <property name="line.separator" value="&#10;"/>
    <property name="java.specification.name" value="Java Platform API Specification"/>
    <property name="java.vm.specification.vendor" value="Oracle Corporation"/>
    <property name="java.awt.graphicsenv" value="sun.awt.Win32GraphicsEnvironment"/>
    <property name="surefire.real.class.path" value="C:\Users\SRIHARI\AppData\Local\Temp\surefire3158140992472497487\surefirebooter17447996200999024502.jar"/>
    <property name="user.script" value=""/>
    <property name="sun.management.compiler" value="HotSpot 64-Bit Tiered Compilers"/>
    <property name="java.runtime.version" value="11.0.17+10-LTS-269"/>
    <property name="user.name" value="SRIHARI"/>
    <property name="path.separator" value=";"/>
    <property name="os.version" value="10.0"/>
    <property name="java.runtime.name" value="Java(TM) SE Runtime Environment"/>
    <property name="file.encoding" value="Cp1252"/>
    <property name="java.vm.name" value="Java HotSpot(TM) 64-Bit Server VM"/>
    <property name="java.vendor.version" value="18.9"/>
    <property name="localRepository" value="C:\Users\SRIHARI\.m2\repository"/>
    <property name="java.vendor.url.bug" value="https://bugreport.java.com/bugreport/"/>
    <property name="java.io.tmpdir" value="C:\Users\SRIHARI\AppData\Local\Temp\"/>
    <property name="java.version" value="11.0.17"/>
    <property name="user.dir" value="D:\blaze\marine"/>
    <property name="os.arch" value="amd64"/>
    <property name="java.vm.specification.name" value="Java Virtual Machine Specification"/>
    <property name="java.awt.printerjob" value="sun.awt.windows.WPrinterJob"/>
    <property name="sun.os.patch.level" value=""/>
    <property name="java.library.path" value="C:\Program Files\Java\jdk-11.0.17\bin;C:\Windows\Sun\Java\bin;C:\Windows\system32;C:\Windows;C:\Program Files\PowerShell\7;C:\Program Files\Common Files\Oracle\Java\javapath;C:\Program Files\Docker\Docker\Resources\bin;C:\Windows\system32;C:\Windows;C:\Windows\System32\Wbem;C:\Windows\System32\WindowsPowerShell\v1.0\;C:\Windows\System32\OpenSSH\;C:\Program Files\Git\cmd;C:\Program Files\PowerShell\7\;C:\Program Files\nodejs\;C:\Terraform;C:\Program Files\dotnet\;C:\apache-maven-3.9.0\bin;C:\Program Files\Java\jdk-11.0.2\bin;C:\Users\SRIHARI\AppData\Local\Microsoft\WindowsApps;C:\Users\SRIHARI\AppData\Local\Programs\Microsoft VS Code\bin;C:\Users\SRIHARI\AppData\Roaming\npm;C:\Users\SRIHARI\.dotnet\tools;."/>
    <property name="java.vendor" value="Oracle Corporation"/>
    <property name="java.vm.info" value="mixed mode"/>
    <property name="java.vm.version" value="11.0.17+10-LTS-269"/>
    <property name="sun.io.unicode.encoding" value="UnicodeLittle"/>
    <property name="java.class.version" value="55.0"/>
  </properties>
  <testcase name="contextLoads" classname="com.icicilombard.marine.MarineApplicationTests" time="0.647"/>
</testsuite>